<?xml version="1.0" encoding="UTF-8"?>
<coverage generated="1614150091645" clover="3.2.0">
  <project timestamp="1614150091646" name="All files">
    <metrics statements="99" coveredstatements="99" conditionals="25" coveredconditionals="24" methods="4" coveredmethods="4" elements="128" coveredelements="127" complexity="0" loc="99" ncloc="99" packages="1" files="2" classes="2"/>
    <file name="index.js" path="/home/damnvile/hexlet/frontend-project-lvl2/src/index.js">
      <metrics statements="67" coveredstatements="67" conditionals="20" coveredconditionals="19" methods="1" coveredmethods="1"/>
      <line num="1" count="6" type="cond" truecount="2" falsecount="0"/>
      <line num="2" count="6" type="stmt"/>
      <line num="3" count="6" type="stmt"/>
      <line num="4" count="6" type="stmt"/>
      <line num="5" count="6" type="stmt"/>
      <line num="6" count="6" type="stmt"/>
      <line num="7" count="6" type="stmt"/>
      <line num="8" count="6" type="cond" truecount="1" falsecount="0"/>
      <line num="9" count="24" type="stmt"/>
      <line num="10" count="24" type="cond" truecount="1" falsecount="0"/>
      <line num="11" count="72" type="stmt"/>
      <line num="12" count="72" type="cond" truecount="1" falsecount="0"/>
      <line num="13" count="72" type="cond" truecount="1" falsecount="0"/>
      <line num="14" count="6" type="stmt"/>
      <line num="15" count="72" type="cond" truecount="2" falsecount="0"/>
      <line num="16" count="6" type="stmt"/>
      <line num="17" count="6" type="stmt"/>
      <line num="18" count="6" type="cond" truecount="1" falsecount="0"/>
      <line num="19" count="24" type="stmt"/>
      <line num="20" count="24" type="cond" truecount="1" falsecount="0"/>
      <line num="21" count="12" type="stmt"/>
      <line num="22" count="12" type="stmt"/>
      <line num="23" count="12" type="stmt"/>
      <line num="24" count="6" type="cond" truecount="1" falsecount="0"/>
      <line num="25" count="18" type="cond" truecount="1" falsecount="0"/>
      <line num="26" count="6" type="stmt"/>
      <line num="27" count="6" type="stmt"/>
      <line num="28" count="6" type="stmt"/>
      <line num="29" count="6" type="cond" truecount="1" falsecount="0"/>
      <line num="30" count="48" type="stmt"/>
      <line num="31" count="48" type="stmt"/>
      <line num="32" count="48" type="stmt"/>
      <line num="33" count="48" type="cond" truecount="1" falsecount="0"/>
      <line num="34" count="24" type="stmt"/>
      <line num="35" count="24" type="stmt"/>
      <line num="36" count="24" type="stmt"/>
      <line num="37" count="48" type="cond" truecount="0" falsecount="1"/>
      <line num="38" count="6" type="stmt"/>
      <line num="39" count="6" type="stmt"/>
      <line num="40" count="6" type="stmt"/>
      <line num="41" count="6" type="stmt"/>
      <line num="42" count="6" type="stmt"/>
      <line num="43" count="6" type="stmt"/>
      <line num="44" count="6" type="stmt"/>
      <line num="45" count="6" type="cond" truecount="1" falsecount="0"/>
      <line num="46" count="30" type="stmt"/>
      <line num="47" count="30" type="cond" truecount="1" falsecount="0"/>
      <line num="48" count="30" type="stmt"/>
      <line num="49" count="30" type="cond" truecount="1" falsecount="0"/>
      <line num="50" count="12" type="stmt"/>
      <line num="51" count="30" type="stmt"/>
      <line num="52" count="30" type="cond" truecount="1" falsecount="0"/>
      <line num="53" count="6" type="stmt"/>
      <line num="54" count="30" type="stmt"/>
      <line num="55" count="30" type="cond" truecount="1" falsecount="0"/>
      <line num="56" count="6" type="stmt"/>
      <line num="57" count="6" type="stmt"/>
      <line num="58" count="6" type="stmt"/>
      <line num="59" count="1" type="stmt"/>
      <line num="60" count="1" type="stmt"/>
      <line num="61" count="1" type="stmt"/>
      <line num="62" count="1" type="stmt"/>
      <line num="63" count="1" type="stmt"/>
      <line num="64" count="1" type="stmt"/>
      <line num="65" count="1" type="stmt"/>
      <line num="66" count="1" type="stmt"/>
      <line num="67" count="1" type="stmt"/>
    </file>
    <file name="parsers.js" path="/home/damnvile/hexlet/frontend-project-lvl2/src/parsers.js">
      <metrics statements="32" coveredstatements="32" conditionals="5" coveredconditionals="5" methods="3" coveredmethods="3"/>
      <line num="1" count="12" type="cond" truecount="2" falsecount="0"/>
      <line num="2" count="12" type="stmt"/>
      <line num="3" count="12" type="stmt"/>
      <line num="4" count="12" type="stmt"/>
      <line num="5" count="12" type="stmt"/>
      <line num="6" count="1" type="cond" truecount="1" falsecount="0"/>
      <line num="7" count="12" type="stmt"/>
      <line num="8" count="12" type="stmt"/>
      <line num="9" count="12" type="stmt"/>
      <line num="10" count="12" type="stmt"/>
      <line num="11" count="1" type="cond" truecount="1" falsecount="0"/>
      <line num="12" count="6" type="stmt"/>
      <line num="13" count="6" type="stmt"/>
      <line num="14" count="6" type="stmt"/>
      <line num="15" count="6" type="cond" truecount="1" falsecount="0"/>
      <line num="16" count="3" type="stmt"/>
      <line num="17" count="3" type="stmt"/>
      <line num="18" count="3" type="stmt"/>
      <line num="19" count="3" type="stmt"/>
      <line num="20" count="3" type="stmt"/>
      <line num="21" count="3" type="stmt"/>
      <line num="22" count="3" type="stmt"/>
      <line num="23" count="3" type="stmt"/>
      <line num="24" count="3" type="stmt"/>
      <line num="25" count="3" type="stmt"/>
      <line num="26" count="3" type="stmt"/>
      <line num="27" count="1" type="stmt"/>
      <line num="28" count="1" type="stmt"/>
      <line num="29" count="1" type="stmt"/>
      <line num="30" count="1" type="stmt"/>
      <line num="31" count="1" type="stmt"/>
      <line num="32" count="1" type="stmt"/>
    </file>
  </project>
</coverage>
