{"/home/damnvile/hexlet/frontend-project-lvl2/src/index.js": {"path":"/home/damnvile/hexlet/frontend-project-lvl2/src/index.js","all":false,"statementMap":{"0":{"start":{"line":1,"column":0},"end":{"line":1,"column":23}},"1":{"start":{"line":2,"column":0},"end":{"line":2,"column":41}},"2":{"start":{"line":3,"column":0},"end":{"line":3,"column":0}},"3":{"start":{"line":4,"column":0},"end":{"line":4,"column":40}},"4":{"start":{"line":5,"column":0},"end":{"line":5,"column":71}},"5":{"start":{"line":6,"column":0},"end":{"line":6,"column":0}},"6":{"start":{"line":7,"column":0},"end":{"line":7,"column":44}},"7":{"start":{"line":8,"column":0},"end":{"line":8,"column":44}},"8":{"start":{"line":9,"column":0},"end":{"line":9,"column":0}},"9":{"start":{"line":10,"column":0},"end":{"line":10,"column":25}},"10":{"start":{"line":11,"column":0},"end":{"line":11,"column":8}},"11":{"start":{"line":12,"column":0},"end":{"line":12,"column":35}},"12":{"start":{"line":13,"column":0},"end":{"line":13,"column":39}},"13":{"start":{"line":14,"column":0},"end":{"line":14,"column":69}},"14":{"start":{"line":15,"column":0},"end":{"line":15,"column":88}},"15":{"start":{"line":16,"column":0},"end":{"line":16,"column":13}},"16":{"start":{"line":17,"column":0},"end":{"line":17,"column":69}},"17":{"start":{"line":18,"column":0},"end":{"line":18,"column":112}},"18":{"start":{"line":19,"column":0},"end":{"line":19,"column":13}},"19":{"start":{"line":20,"column":0},"end":{"line":20,"column":9}},"20":{"start":{"line":21,"column":0},"end":{"line":21,"column":5}},"21":{"start":{"line":22,"column":0},"end":{"line":22,"column":35}},"22":{"start":{"line":23,"column":0},"end":{"line":23,"column":43}},"23":{"start":{"line":24,"column":0},"end":{"line":24,"column":82}},"24":{"start":{"line":25,"column":0},"end":{"line":25,"column":9}},"25":{"start":{"line":26,"column":0},"end":{"line":26,"column":5}},"26":{"start":{"line":27,"column":0},"end":{"line":27,"column":35}},"27":{"start":{"line":28,"column":0},"end":{"line":28,"column":43}},"28":{"start":{"line":29,"column":0},"end":{"line":29,"column":78}},"29":{"start":{"line":30,"column":0},"end":{"line":30,"column":0}},"30":{"start":{"line":31,"column":0},"end":{"line":31,"column":9}},"31":{"start":{"line":32,"column":0},"end":{"line":32,"column":5}},"32":{"start":{"line":33,"column":0},"end":{"line":33,"column":33}},"33":{"start":{"line":34,"column":0},"end":{"line":34,"column":25}},"34":{"start":{"line":35,"column":0},"end":{"line":35,"column":25}},"35":{"start":{"line":36,"column":0},"end":{"line":36,"column":26}},"36":{"start":{"line":37,"column":0},"end":{"line":37,"column":22}},"37":{"start":{"line":38,"column":0},"end":{"line":38,"column":10}},"38":{"start":{"line":39,"column":0},"end":{"line":39,"column":26}},"39":{"start":{"line":40,"column":0},"end":{"line":40,"column":21}},"40":{"start":{"line":41,"column":0},"end":{"line":41,"column":9}},"41":{"start":{"line":42,"column":0},"end":{"line":42,"column":17}},"42":{"start":{"line":43,"column":0},"end":{"line":43,"column":9}},"43":{"start":{"line":44,"column":0},"end":{"line":44,"column":0}},"44":{"start":{"line":45,"column":0},"end":{"line":45,"column":27}},"45":{"start":{"line":46,"column":0},"end":{"line":46,"column":4}},"46":{"start":{"line":47,"column":0},"end":{"line":47,"column":67}},"47":{"start":{"line":48,"column":0},"end":{"line":48,"column":35}},"48":{"start":{"line":49,"column":0},"end":{"line":49,"column":51}},"49":{"start":{"line":50,"column":0},"end":{"line":50,"column":13}},"50":{"start":{"line":51,"column":0},"end":{"line":51,"column":39}},"51":{"start":{"line":52,"column":0},"end":{"line":52,"column":51}},"52":{"start":{"line":53,"column":0},"end":{"line":53,"column":13}},"53":{"start":{"line":54,"column":0},"end":{"line":54,"column":41}},"54":{"start":{"line":55,"column":0},"end":{"line":55,"column":51}},"55":{"start":{"line":56,"column":0},"end":{"line":56,"column":13}},"56":{"start":{"line":57,"column":0},"end":{"line":57,"column":39}},"57":{"start":{"line":58,"column":0},"end":{"line":58,"column":54}},"58":{"start":{"line":59,"column":0},"end":{"line":59,"column":51}},"59":{"start":{"line":60,"column":0},"end":{"line":60,"column":13}},"60":{"start":{"line":61,"column":0},"end":{"line":61,"column":9}},"61":{"start":{"line":62,"column":0},"end":{"line":62,"column":22}},"62":{"start":{"line":63,"column":0},"end":{"line":63,"column":4}},"63":{"start":{"line":64,"column":0},"end":{"line":64,"column":22}},"64":{"start":{"line":65,"column":0},"end":{"line":65,"column":5}},"65":{"start":{"line":66,"column":0},"end":{"line":66,"column":0}},"66":{"start":{"line":67,"column":0},"end":{"line":67,"column":27}}},"s":{"0":6,"1":6,"2":6,"3":6,"4":6,"5":6,"6":6,"7":6,"8":24,"9":24,"10":72,"11":72,"12":72,"13":6,"14":72,"15":6,"16":6,"17":6,"18":24,"19":24,"20":12,"21":12,"22":12,"23":6,"24":18,"25":6,"26":6,"27":6,"28":6,"29":48,"30":48,"31":48,"32":48,"33":24,"34":24,"35":24,"36":48,"37":6,"38":6,"39":6,"40":6,"41":6,"42":6,"43":6,"44":6,"45":30,"46":30,"47":30,"48":30,"49":12,"50":30,"51":30,"52":6,"53":30,"54":30,"55":6,"56":6,"57":6,"58":1,"59":1,"60":1,"61":1,"62":1,"63":1,"64":1,"65":1,"66":1},"branchMap":{"0":{"type":"branch","line":1,"loc":{"start":{"line":1,"column":0},"end":{"line":61,"column":7}},"locations":[{"start":{"line":1,"column":0},"end":{"line":61,"column":7}}]},"1":{"type":"branch","line":1,"loc":{"start":{"line":1,"column":0},"end":{"line":59,"column":43}},"locations":[{"start":{"line":1,"column":0},"end":{"line":59,"column":43}}]},"2":{"type":"branch","line":8,"loc":{"start":{"line":8,"column":26},"end":{"line":18,"column":53}},"locations":[{"start":{"line":8,"column":26},"end":{"line":18,"column":53}}]},"3":{"type":"branch","line":10,"loc":{"start":{"line":10,"column":20},"end":{"line":18,"column":47}},"locations":[{"start":{"line":10,"column":20},"end":{"line":18,"column":47}}]},"4":{"type":"branch","line":12,"loc":{"start":{"line":12,"column":17},"end":{"line":13,"column":17}},"locations":[{"start":{"line":12,"column":17},"end":{"line":13,"column":17}}]},"5":{"type":"branch","line":13,"loc":{"start":{"line":13,"column":19},"end":{"line":15,"column":13}},"locations":[{"start":{"line":13,"column":19},"end":{"line":15,"column":13}}]},"6":{"type":"branch","line":15,"loc":{"start":{"line":15,"column":44},"end":{"line":15,"column":80}},"locations":[{"start":{"line":15,"column":44},"end":{"line":15,"column":80}}]},"7":{"type":"branch","line":15,"loc":{"start":{"line":15,"column":82},"end":{"line":18,"column":37}},"locations":[{"start":{"line":15,"column":82},"end":{"line":18,"column":37}}]},"8":{"type":"branch","line":18,"loc":{"start":{"line":18,"column":88},"end":{"line":24,"column":9}},"locations":[{"start":{"line":18,"column":88},"end":{"line":24,"column":9}}]},"9":{"type":"branch","line":20,"loc":{"start":{"line":20,"column":5},"end":{"line":24,"column":3}},"locations":[{"start":{"line":20,"column":5},"end":{"line":24,"column":3}}]},"10":{"type":"branch","line":24,"loc":{"start":{"line":24,"column":44},"end":{"line":29,"column":6}},"locations":[{"start":{"line":24,"column":44},"end":{"line":29,"column":6}}]},"11":{"type":"branch","line":25,"loc":{"start":{"line":25,"column":5},"end":{"line":29,"column":0}},"locations":[{"start":{"line":25,"column":5},"end":{"line":29,"column":0}}]},"12":{"type":"branch","line":45,"loc":{"start":{"line":45,"column":10},"end":{"line":58,"column":41}},"locations":[{"start":{"line":45,"column":10},"end":{"line":58,"column":41}}]},"13":{"type":"branch","line":47,"loc":{"start":{"line":47,"column":13},"end":{"line":48,"column":12}},"locations":[{"start":{"line":47,"column":13},"end":{"line":48,"column":12}}]},"14":{"type":"branch","line":49,"loc":{"start":{"line":49,"column":15},"end":{"line":51,"column":16}},"locations":[{"start":{"line":49,"column":15},"end":{"line":51,"column":16}}]},"15":{"type":"branch","line":52,"loc":{"start":{"line":52,"column":17},"end":{"line":54,"column":18}},"locations":[{"start":{"line":52,"column":17},"end":{"line":54,"column":18}}]},"16":{"type":"branch","line":55,"loc":{"start":{"line":55,"column":15},"end":{"line":58,"column":31}},"locations":[{"start":{"line":55,"column":15},"end":{"line":58,"column":31}}]},"17":{"type":"branch","line":29,"loc":{"start":{"line":29,"column":26},"end":{"line":38,"column":6}},"locations":[{"start":{"line":29,"column":26},"end":{"line":38,"column":6}}]},"18":{"type":"branch","line":33,"loc":{"start":{"line":33,"column":22},"end":{"line":37,"column":3}},"locations":[{"start":{"line":33,"column":22},"end":{"line":37,"column":3}}]},"19":{"type":"branch","line":37,"loc":{"start":{"line":37,"column":3},"end":{"line":38,"column":5}},"locations":[{"start":{"line":37,"column":3},"end":{"line":38,"column":5}}]}},"b":{"0":[1],"1":[6],"2":[24],"3":[72],"4":[12],"5":[6],"6":[12],"7":[6],"8":[24],"9":[12],"10":[18],"11":[6],"12":[30],"13":[6],"14":[12],"15":[6],"16":[6],"17":[48],"18":[24],"19":[0]},"fnMap":{"0":{"name":"gendiff","decl":{"start":{"line":1,"column":0},"end":{"line":59,"column":43}},"loc":{"start":{"line":1,"column":0},"end":{"line":59,"column":43}},"line":1}},"f":{"0":6}}
,"/home/damnvile/hexlet/frontend-project-lvl2/src/parsers.js": {"path":"/home/damnvile/hexlet/frontend-project-lvl2/src/parsers.js","all":false,"statementMap":{"0":{"start":{"line":1,"column":0},"end":{"line":1,"column":20}},"1":{"start":{"line":2,"column":0},"end":{"line":2,"column":24}},"2":{"start":{"line":3,"column":0},"end":{"line":3,"column":26}},"3":{"start":{"line":4,"column":0},"end":{"line":4,"column":0}},"4":{"start":{"line":5,"column":0},"end":{"line":5,"column":40}},"5":{"start":{"line":6,"column":0},"end":{"line":6,"column":35}},"6":{"start":{"line":7,"column":0},"end":{"line":7,"column":57}},"7":{"start":{"line":8,"column":0},"end":{"line":8,"column":24}},"8":{"start":{"line":9,"column":0},"end":{"line":9,"column":1}},"9":{"start":{"line":10,"column":0},"end":{"line":10,"column":39}},"10":{"start":{"line":11,"column":0},"end":{"line":11,"column":63}},"11":{"start":{"line":12,"column":0},"end":{"line":12,"column":23}},"12":{"start":{"line":13,"column":0},"end":{"line":13,"column":1}},"13":{"start":{"line":14,"column":0},"end":{"line":14,"column":0}},"14":{"start":{"line":15,"column":0},"end":{"line":15,"column":47}},"15":{"start":{"line":16,"column":0},"end":{"line":16,"column":46}},"16":{"start":{"line":17,"column":0},"end":{"line":17,"column":76}},"17":{"start":{"line":18,"column":0},"end":{"line":18,"column":76}},"18":{"start":{"line":19,"column":0},"end":{"line":19,"column":50}},"19":{"start":{"line":20,"column":0},"end":{"line":20,"column":50}},"20":{"start":{"line":21,"column":0},"end":{"line":21,"column":38}},"21":{"start":{"line":22,"column":0},"end":{"line":22,"column":5}},"22":{"start":{"line":23,"column":0},"end":{"line":23,"column":45}},"23":{"start":{"line":24,"column":0},"end":{"line":24,"column":76}},"24":{"start":{"line":25,"column":0},"end":{"line":25,"column":76}},"25":{"start":{"line":26,"column":0},"end":{"line":26,"column":49}},"26":{"start":{"line":27,"column":0},"end":{"line":27,"column":49}},"27":{"start":{"line":28,"column":0},"end":{"line":28,"column":38}},"28":{"start":{"line":29,"column":0},"end":{"line":29,"column":6}},"29":{"start":{"line":30,"column":0},"end":{"line":30,"column":1}},"30":{"start":{"line":31,"column":0},"end":{"line":31,"column":0}},"31":{"start":{"line":32,"column":0},"end":{"line":32,"column":29}}},"s":{"0":12,"1":12,"2":12,"3":12,"4":12,"5":1,"6":12,"7":12,"8":12,"9":12,"10":1,"11":6,"12":6,"13":6,"14":6,"15":3,"16":3,"17":3,"18":3,"19":3,"20":3,"21":3,"22":3,"23":3,"24":3,"25":3,"26":1,"27":1,"28":1,"29":1,"30":1,"31":1},"branchMap":{"0":{"type":"branch","line":1,"loc":{"start":{"line":1,"column":0},"end":{"line":27,"column":39}},"locations":[{"start":{"line":1,"column":0},"end":{"line":27,"column":39}}]},"1":{"type":"branch","line":1,"loc":{"start":{"line":1,"column":0},"end":{"line":6,"column":31}},"locations":[{"start":{"line":1,"column":0},"end":{"line":6,"column":31}}]},"2":{"type":"branch","line":6,"loc":{"start":{"line":6,"column":32},"end":{"line":11,"column":0}},"locations":[{"start":{"line":6,"column":32},"end":{"line":11,"column":0}}]},"3":{"type":"branch","line":11,"loc":{"start":{"line":11,"column":2},"end":{"line":27,"column":8}},"locations":[{"start":{"line":11,"column":2},"end":{"line":27,"column":8}}]},"4":{"type":"branch","line":15,"loc":{"start":{"line":15,"column":4},"end":{"line":27,"column":5}},"locations":[{"start":{"line":15,"column":4},"end":{"line":27,"column":5}}]}},"b":{"0":[1],"1":[12],"2":[12],"3":[6],"4":[3]},"fnMap":{"0":{"name":"getAbsoluteFilePath","decl":{"start":{"line":1,"column":0},"end":{"line":6,"column":31}},"loc":{"start":{"line":1,"column":0},"end":{"line":6,"column":31}},"line":1},"1":{"name":"getFileContent","decl":{"start":{"line":6,"column":32},"end":{"line":11,"column":0}},"loc":{"start":{"line":6,"column":32},"end":{"line":11,"column":0}},"line":6},"2":{"name":"parseToObject","decl":{"start":{"line":11,"column":2},"end":{"line":27,"column":8}},"loc":{"start":{"line":11,"column":2},"end":{"line":27,"column":8}},"line":11}},"f":{"0":12,"1":12,"2":6}}
}
