{"/home/damnvile/hexlet/frontend-project-lvl2/src/index.js": {"path":"/home/damnvile/hexlet/frontend-project-lvl2/src/index.js","all":false,"statementMap":{"0":{"start":{"line":1,"column":0},"end":{"line":1,"column":20}},"1":{"start":{"line":2,"column":0},"end":{"line":2,"column":24}},"2":{"start":{"line":3,"column":0},"end":{"line":3,"column":24}},"3":{"start":{"line":4,"column":0},"end":{"line":4,"column":0}},"4":{"start":{"line":5,"column":0},"end":{"line":5,"column":40}},"5":{"start":{"line":6,"column":0},"end":{"line":6,"column":35}},"6":{"start":{"line":7,"column":0},"end":{"line":7,"column":57}},"7":{"start":{"line":8,"column":0},"end":{"line":8,"column":24}},"8":{"start":{"line":9,"column":0},"end":{"line":9,"column":1}},"9":{"start":{"line":10,"column":0},"end":{"line":10,"column":39}},"10":{"start":{"line":11,"column":0},"end":{"line":11,"column":63}},"11":{"start":{"line":12,"column":0},"end":{"line":12,"column":23}},"12":{"start":{"line":13,"column":0},"end":{"line":13,"column":1}},"13":{"start":{"line":14,"column":0},"end":{"line":14,"column":0}},"14":{"start":{"line":15,"column":0},"end":{"line":15,"column":40}},"15":{"start":{"line":16,"column":0},"end":{"line":16,"column":72}},"16":{"start":{"line":17,"column":0},"end":{"line":17,"column":72}},"17":{"start":{"line":18,"column":0},"end":{"line":18,"column":0}},"18":{"start":{"line":19,"column":0},"end":{"line":19,"column":46}},"19":{"start":{"line":20,"column":0},"end":{"line":20,"column":46}},"20":{"start":{"line":21,"column":0},"end":{"line":21,"column":0}},"21":{"start":{"line":22,"column":0},"end":{"line":22,"column":44}},"22":{"start":{"line":23,"column":0},"end":{"line":23,"column":44}},"23":{"start":{"line":24,"column":0},"end":{"line":24,"column":0}},"24":{"start":{"line":25,"column":0},"end":{"line":25,"column":25}},"25":{"start":{"line":26,"column":0},"end":{"line":26,"column":8}},"26":{"start":{"line":27,"column":0},"end":{"line":27,"column":35}},"27":{"start":{"line":28,"column":0},"end":{"line":28,"column":39}},"28":{"start":{"line":29,"column":0},"end":{"line":29,"column":69}},"29":{"start":{"line":30,"column":0},"end":{"line":30,"column":88}},"30":{"start":{"line":31,"column":0},"end":{"line":31,"column":13}},"31":{"start":{"line":32,"column":0},"end":{"line":32,"column":69}},"32":{"start":{"line":33,"column":0},"end":{"line":33,"column":112}},"33":{"start":{"line":34,"column":0},"end":{"line":34,"column":13}},"34":{"start":{"line":35,"column":0},"end":{"line":35,"column":9}},"35":{"start":{"line":36,"column":0},"end":{"line":36,"column":5}},"36":{"start":{"line":37,"column":0},"end":{"line":37,"column":35}},"37":{"start":{"line":38,"column":0},"end":{"line":38,"column":43}},"38":{"start":{"line":39,"column":0},"end":{"line":39,"column":82}},"39":{"start":{"line":40,"column":0},"end":{"line":40,"column":9}},"40":{"start":{"line":41,"column":0},"end":{"line":41,"column":5}},"41":{"start":{"line":42,"column":0},"end":{"line":42,"column":35}},"42":{"start":{"line":43,"column":0},"end":{"line":43,"column":43}},"43":{"start":{"line":44,"column":0},"end":{"line":44,"column":78}},"44":{"start":{"line":45,"column":0},"end":{"line":45,"column":0}},"45":{"start":{"line":46,"column":0},"end":{"line":46,"column":9}},"46":{"start":{"line":47,"column":0},"end":{"line":47,"column":5}},"47":{"start":{"line":48,"column":0},"end":{"line":48,"column":33}},"48":{"start":{"line":49,"column":0},"end":{"line":49,"column":25}},"49":{"start":{"line":50,"column":0},"end":{"line":50,"column":25}},"50":{"start":{"line":51,"column":0},"end":{"line":51,"column":26}},"51":{"start":{"line":52,"column":0},"end":{"line":52,"column":22}},"52":{"start":{"line":53,"column":0},"end":{"line":53,"column":10}},"53":{"start":{"line":54,"column":0},"end":{"line":54,"column":26}},"54":{"start":{"line":55,"column":0},"end":{"line":55,"column":21}},"55":{"start":{"line":56,"column":0},"end":{"line":56,"column":9}},"56":{"start":{"line":57,"column":0},"end":{"line":57,"column":17}},"57":{"start":{"line":58,"column":0},"end":{"line":58,"column":9}},"58":{"start":{"line":59,"column":0},"end":{"line":59,"column":0}},"59":{"start":{"line":60,"column":0},"end":{"line":60,"column":27}},"60":{"start":{"line":61,"column":0},"end":{"line":61,"column":4}},"61":{"start":{"line":62,"column":0},"end":{"line":62,"column":67}},"62":{"start":{"line":63,"column":0},"end":{"line":63,"column":35}},"63":{"start":{"line":64,"column":0},"end":{"line":64,"column":51}},"64":{"start":{"line":65,"column":0},"end":{"line":65,"column":13}},"65":{"start":{"line":66,"column":0},"end":{"line":66,"column":39}},"66":{"start":{"line":67,"column":0},"end":{"line":67,"column":51}},"67":{"start":{"line":68,"column":0},"end":{"line":68,"column":13}},"68":{"start":{"line":69,"column":0},"end":{"line":69,"column":41}},"69":{"start":{"line":70,"column":0},"end":{"line":70,"column":51}},"70":{"start":{"line":71,"column":0},"end":{"line":71,"column":13}},"71":{"start":{"line":72,"column":0},"end":{"line":72,"column":39}},"72":{"start":{"line":73,"column":0},"end":{"line":73,"column":54}},"73":{"start":{"line":74,"column":0},"end":{"line":74,"column":51}},"74":{"start":{"line":75,"column":0},"end":{"line":75,"column":13}},"75":{"start":{"line":76,"column":0},"end":{"line":76,"column":9}},"76":{"start":{"line":77,"column":0},"end":{"line":77,"column":22}},"77":{"start":{"line":78,"column":0},"end":{"line":78,"column":4}},"78":{"start":{"line":79,"column":0},"end":{"line":79,"column":22}},"79":{"start":{"line":80,"column":0},"end":{"line":80,"column":5}},"80":{"start":{"line":81,"column":0},"end":{"line":81,"column":0}},"81":{"start":{"line":82,"column":0},"end":{"line":82,"column":27}}},"s":{"0":6,"1":6,"2":6,"3":6,"4":6,"5":1,"6":6,"7":6,"8":6,"9":6,"10":1,"11":3,"12":3,"13":3,"14":3,"15":3,"16":3,"17":3,"18":3,"19":3,"20":3,"21":3,"22":3,"23":12,"24":12,"25":36,"26":36,"27":36,"28":3,"29":36,"30":3,"31":3,"32":3,"33":12,"34":12,"35":6,"36":6,"37":6,"38":3,"39":9,"40":3,"41":3,"42":3,"43":3,"44":24,"45":24,"46":24,"47":24,"48":12,"49":12,"50":12,"51":24,"52":3,"53":3,"54":3,"55":3,"56":3,"57":3,"58":3,"59":3,"60":15,"61":15,"62":15,"63":15,"64":6,"65":15,"66":15,"67":3,"68":15,"69":15,"70":3,"71":3,"72":3,"73":1,"74":1,"75":1,"76":1,"77":1,"78":1,"79":1,"80":1,"81":1},"branchMap":{"0":{"type":"branch","line":1,"loc":{"start":{"line":1,"column":0},"end":{"line":76,"column":7}},"locations":[{"start":{"line":1,"column":0},"end":{"line":76,"column":7}}]},"1":{"type":"branch","line":1,"loc":{"start":{"line":1,"column":0},"end":{"line":6,"column":31}},"locations":[{"start":{"line":1,"column":0},"end":{"line":6,"column":31}}]},"2":{"type":"branch","line":6,"loc":{"start":{"line":6,"column":32},"end":{"line":11,"column":0}},"locations":[{"start":{"line":6,"column":32},"end":{"line":11,"column":0}}]},"3":{"type":"branch","line":11,"loc":{"start":{"line":11,"column":2},"end":{"line":74,"column":43}},"locations":[{"start":{"line":11,"column":2},"end":{"line":74,"column":43}}]},"4":{"type":"branch","line":23,"loc":{"start":{"line":23,"column":26},"end":{"line":33,"column":53}},"locations":[{"start":{"line":23,"column":26},"end":{"line":33,"column":53}}]},"5":{"type":"branch","line":25,"loc":{"start":{"line":25,"column":20},"end":{"line":33,"column":47}},"locations":[{"start":{"line":25,"column":20},"end":{"line":33,"column":47}}]},"6":{"type":"branch","line":27,"loc":{"start":{"line":27,"column":17},"end":{"line":28,"column":17}},"locations":[{"start":{"line":27,"column":17},"end":{"line":28,"column":17}}]},"7":{"type":"branch","line":28,"loc":{"start":{"line":28,"column":19},"end":{"line":30,"column":13}},"locations":[{"start":{"line":28,"column":19},"end":{"line":30,"column":13}}]},"8":{"type":"branch","line":30,"loc":{"start":{"line":30,"column":44},"end":{"line":30,"column":80}},"locations":[{"start":{"line":30,"column":44},"end":{"line":30,"column":80}}]},"9":{"type":"branch","line":30,"loc":{"start":{"line":30,"column":82},"end":{"line":33,"column":37}},"locations":[{"start":{"line":30,"column":82},"end":{"line":33,"column":37}}]},"10":{"type":"branch","line":33,"loc":{"start":{"line":33,"column":88},"end":{"line":39,"column":9}},"locations":[{"start":{"line":33,"column":88},"end":{"line":39,"column":9}}]},"11":{"type":"branch","line":35,"loc":{"start":{"line":35,"column":5},"end":{"line":39,"column":3}},"locations":[{"start":{"line":35,"column":5},"end":{"line":39,"column":3}}]},"12":{"type":"branch","line":39,"loc":{"start":{"line":39,"column":44},"end":{"line":44,"column":6}},"locations":[{"start":{"line":39,"column":44},"end":{"line":44,"column":6}}]},"13":{"type":"branch","line":40,"loc":{"start":{"line":40,"column":5},"end":{"line":44,"column":0}},"locations":[{"start":{"line":40,"column":5},"end":{"line":44,"column":0}}]},"14":{"type":"branch","line":60,"loc":{"start":{"line":60,"column":10},"end":{"line":73,"column":41}},"locations":[{"start":{"line":60,"column":10},"end":{"line":73,"column":41}}]},"15":{"type":"branch","line":62,"loc":{"start":{"line":62,"column":13},"end":{"line":63,"column":12}},"locations":[{"start":{"line":62,"column":13},"end":{"line":63,"column":12}}]},"16":{"type":"branch","line":64,"loc":{"start":{"line":64,"column":15},"end":{"line":66,"column":16}},"locations":[{"start":{"line":64,"column":15},"end":{"line":66,"column":16}}]},"17":{"type":"branch","line":67,"loc":{"start":{"line":67,"column":17},"end":{"line":69,"column":18}},"locations":[{"start":{"line":67,"column":17},"end":{"line":69,"column":18}}]},"18":{"type":"branch","line":70,"loc":{"start":{"line":70,"column":15},"end":{"line":73,"column":31}},"locations":[{"start":{"line":70,"column":15},"end":{"line":73,"column":31}}]},"19":{"type":"branch","line":44,"loc":{"start":{"line":44,"column":26},"end":{"line":53,"column":6}},"locations":[{"start":{"line":44,"column":26},"end":{"line":53,"column":6}}]},"20":{"type":"branch","line":48,"loc":{"start":{"line":48,"column":22},"end":{"line":52,"column":3}},"locations":[{"start":{"line":48,"column":22},"end":{"line":52,"column":3}}]},"21":{"type":"branch","line":52,"loc":{"start":{"line":52,"column":3},"end":{"line":53,"column":5}},"locations":[{"start":{"line":52,"column":3},"end":{"line":53,"column":5}}]}},"b":{"0":[1],"1":[6],"2":[6],"3":[3],"4":[12],"5":[36],"6":[6],"7":[3],"8":[6],"9":[3],"10":[12],"11":[6],"12":[9],"13":[3],"14":[15],"15":[3],"16":[6],"17":[3],"18":[3],"19":[24],"20":[12],"21":[0]},"fnMap":{"0":{"name":"getAbsoluteFilePath","decl":{"start":{"line":1,"column":0},"end":{"line":6,"column":31}},"loc":{"start":{"line":1,"column":0},"end":{"line":6,"column":31}},"line":1},"1":{"name":"getFileContent","decl":{"start":{"line":6,"column":32},"end":{"line":11,"column":0}},"loc":{"start":{"line":6,"column":32},"end":{"line":11,"column":0}},"line":6},"2":{"name":"gendiff","decl":{"start":{"line":11,"column":2},"end":{"line":74,"column":43}},"loc":{"start":{"line":11,"column":2},"end":{"line":74,"column":43}},"line":11}},"f":{"0":6,"1":6,"2":3}}
}
