TN:
SF:src/index.js
FN:1,gendiff
FNF:1
FNH:1
FNDA:6,gendiff
DA:1,6
DA:2,6
DA:3,6
DA:4,6
DA:5,6
DA:6,6
DA:7,6
DA:8,6
DA:9,24
DA:10,24
DA:11,72
DA:12,72
DA:13,72
DA:14,6
DA:15,72
DA:16,6
DA:17,6
DA:18,6
DA:19,24
DA:20,24
DA:21,12
DA:22,12
DA:23,12
DA:24,6
DA:25,18
DA:26,6
DA:27,6
DA:28,6
DA:29,6
DA:30,48
DA:31,48
DA:32,48
DA:33,48
DA:34,24
DA:35,24
DA:36,24
DA:37,48
DA:38,6
DA:39,6
DA:40,6
DA:41,6
DA:42,6
DA:43,6
DA:44,6
DA:45,6
DA:46,30
DA:47,30
DA:48,30
DA:49,30
DA:50,12
DA:51,30
DA:52,30
DA:53,6
DA:54,30
DA:55,30
DA:56,6
DA:57,6
DA:58,6
DA:59,1
DA:60,1
DA:61,1
DA:62,1
DA:63,1
DA:64,1
DA:65,1
DA:66,1
DA:67,1
LF:67
LH:67
BRDA:1,0,0,1
BRDA:1,1,0,6
BRDA:8,2,0,24
BRDA:10,3,0,72
BRDA:12,4,0,12
BRDA:13,5,0,6
BRDA:15,6,0,12
BRDA:15,7,0,6
BRDA:18,8,0,24
BRDA:20,9,0,12
BRDA:24,10,0,18
BRDA:25,11,0,6
BRDA:45,12,0,30
BRDA:47,13,0,6
BRDA:49,14,0,12
BRDA:52,15,0,6
BRDA:55,16,0,6
BRDA:29,17,0,48
BRDA:33,18,0,24
BRDA:37,19,0,0
BRF:20
BRH:19
end_of_record
TN:
SF:src/parsers.js
FN:1,getAbsoluteFilePath
FN:6,getFileContent
FN:11,parseToObject
FNF:3
FNH:3
FNDA:12,getAbsoluteFilePath
FNDA:12,getFileContent
FNDA:6,parseToObject
DA:1,12
DA:2,12
DA:3,12
DA:4,12
DA:5,12
DA:6,1
DA:7,12
DA:8,12
DA:9,12
DA:10,12
DA:11,1
DA:12,6
DA:13,6
DA:14,6
DA:15,6
DA:16,3
DA:17,3
DA:18,3
DA:19,3
DA:20,3
DA:21,3
DA:22,3
DA:23,3
DA:24,3
DA:25,3
DA:26,3
DA:27,1
DA:28,1
DA:29,1
DA:30,1
DA:31,1
DA:32,1
LF:32
LH:32
BRDA:1,0,0,1
BRDA:1,1,0,12
BRDA:6,2,0,12
BRDA:11,3,0,6
BRDA:15,4,0,3
BRF:5
BRH:5
end_of_record
