TN:
SF:src/index.js
FN:1,getAbsoluteFilePath
FN:6,getFileContent
FN:11,gendiff
FNF:3
FNH:3
FNDA:6,getAbsoluteFilePath
FNDA:6,getFileContent
FNDA:3,gendiff
DA:1,6
DA:2,6
DA:3,6
DA:4,6
DA:5,6
DA:6,1
DA:7,6
DA:8,6
DA:9,6
DA:10,6
DA:11,1
DA:12,3
DA:13,3
DA:14,3
DA:15,3
DA:16,3
DA:17,3
DA:18,3
DA:19,3
DA:20,3
DA:21,3
DA:22,3
DA:23,3
DA:24,12
DA:25,12
DA:26,36
DA:27,36
DA:28,36
DA:29,3
DA:30,36
DA:31,3
DA:32,3
DA:33,3
DA:34,12
DA:35,12
DA:36,6
DA:37,6
DA:38,6
DA:39,3
DA:40,9
DA:41,3
DA:42,3
DA:43,3
DA:44,3
DA:45,24
DA:46,24
DA:47,24
DA:48,24
DA:49,12
DA:50,12
DA:51,12
DA:52,24
DA:53,3
DA:54,3
DA:55,3
DA:56,3
DA:57,3
DA:58,3
DA:59,3
DA:60,3
DA:61,15
DA:62,15
DA:63,15
DA:64,15
DA:65,6
DA:66,15
DA:67,15
DA:68,3
DA:69,15
DA:70,15
DA:71,3
DA:72,3
DA:73,3
DA:74,1
DA:75,1
DA:76,1
DA:77,1
DA:78,1
DA:79,1
DA:80,1
DA:81,1
DA:82,1
LF:82
LH:82
BRDA:1,0,0,1
BRDA:1,1,0,6
BRDA:6,2,0,6
BRDA:11,3,0,3
BRDA:23,4,0,12
BRDA:25,5,0,36
BRDA:27,6,0,6
BRDA:28,7,0,3
BRDA:30,8,0,6
BRDA:30,9,0,3
BRDA:33,10,0,12
BRDA:35,11,0,6
BRDA:39,12,0,9
BRDA:40,13,0,3
BRDA:60,14,0,15
BRDA:62,15,0,3
BRDA:64,16,0,6
BRDA:67,17,0,3
BRDA:70,18,0,3
BRDA:44,19,0,24
BRDA:48,20,0,12
BRDA:52,21,0,0
BRF:22
BRH:21
end_of_record
